[2015.11.15-15.17.18:205][  0]Log file open, 11/15/15 09:17:18
[2015.11.15-15.17.18:205][  0]LogInit:Display: Running engine for game: CandleProject
[2015.11.15-15.17.18:205][  0]LogInit:Display: RandInit(-1433119055) SRandInit(-1433119054).
[2015.11.15-15.17.18:205][  0]LogTaskGraph: Started task graph with 4 named threads and 7 total threads.
[2015.11.15-15.17.18:205][  0]LogStats: Stats thread started at 0.064664
[2015.11.15-15.17.18:205][  0]LogInit: Version: 4.9.2-2707645+++depot+UE4-Releases+4.9
[2015.11.15-15.17.18:205][  0]LogInit: API Version: 2672455
[2015.11.15-15.17.18:205][  0]LogInit: Compiled (64-bit): Sep 28 2015 10:25:44
[2015.11.15-15.17.18:205][  0]LogInit: Compiled with Visual C++: 18.00.21005.01
[2015.11.15-15.17.18:205][  0]LogInit: Build Configuration: Development
[2015.11.15-15.17.18:205][  0]LogInit: Branch Name: ++depot+UE4-Releases+4.9
[2015.11.15-15.17.18:205][  0]LogInit: Command line:  
[2015.11.15-15.17.18:205][  0]LogInit: Base directory: D:/Programs/Unreal Engine 4/Epic Games/4.9/Engine/Binaries/Win64/
[2015.11.15-15.17.18:205][  0]LogInit: Rocket: 1
[2015.11.15-15.17.18:212][  0]LogInit: Using libcurl 7.41.0
[2015.11.15-15.17.18:212][  0]LogInit:  - built for x86_64-pc-win32
[2015.11.15-15.17.18:212][  0]LogInit:  - supports SSL with WinSSL
[2015.11.15-15.17.18:212][  0]LogInit:  - other features:
[2015.11.15-15.17.18:212][  0]LogInit:      CURL_VERSION_SSL
[2015.11.15-15.17.18:212][  0]LogInit:      CURL_VERSION_IPV6
[2015.11.15-15.17.18:212][  0]LogInit:      CURL_VERSION_ASYNCHDNS
[2015.11.15-15.17.18:212][  0]LogInit:      CURL_VERSION_LARGEFILE
[2015.11.15-15.17.18:212][  0]LogInit:      CURL_VERSION_IDN
[2015.11.15-15.17.18:212][  0]LogInit:  CurlRequestOptions (configurable via config and command line):
[2015.11.15-15.17.18:212][  0]LogInit:  - bVerifyPeer = true  - Libcurl will verify peer certificate
[2015.11.15-15.17.18:212][  0]LogInit:  - bUseHttpProxy = false  - Libcurl will NOT use HTTP proxy
[2015.11.15-15.17.18:212][  0]LogInit:  - bDontReuseConnections = false  - Libcurl will reuse connections
[2015.11.15-15.17.18:212][  0]LogInit:  - CertBundlePath = nullptr  - Libcurl will use whatever was configured at build time.
[2015.11.15-15.17.18:218][  0]LogInit: Presizing for 0 objects not considered by GC, pre-allocating 0 bytes.
[2015.11.15-15.17.18:223][  0]LogInit: Object subsystem initialized
[2015.11.15-15.17.18:224][  0]LogInit: Selected Device Profile: [Windows]
[2015.11.15-15.17.18:224][  0]LogInit: Applying CVar settings loaded from the selected device profile: [Windows]
[2015.11.15-15.17.18:229][  0]LogInit: Computer: CINDY-PC
[2015.11.15-15.17.18:229][  0]LogInit: User: Cindy
[2015.11.15-15.17.18:229][  0]LogInit: CPU Page size=4096, Cores=4
[2015.11.15-15.17.18:229][  0]LogInit: High frequency timer resolution =3.904033 MHz
[2015.11.15-15.17.18:229][  0]LogMemory: Memory total: Physical=15.9GB (16GB approx)
[2015.11.15-15.17.18:229][  0]LogMemory: Platform Memory Stats for Windows
[2015.11.15-15.17.18:229][  0]LogMemory: Process Physical Memory: 54.27 MB used, 54.27 MB peak
[2015.11.15-15.17.18:229][  0]LogMemory: Process Virtual Memory: 59.14 MB used, 59.14 MB peak
[2015.11.15-15.17.18:229][  0]LogMemory: Physical Memory: 3878.36 MB used, 16326.84 MB total
[2015.11.15-15.17.18:229][  0]LogMemory: Virtual Memory: 339.61 MB used, 8388608.00 MB total
[2015.11.15-15.17.18:260][  0]LogTextLocalizationManager: No specific translations for ('en-US') exist, so ('en') translations will be used.
[2015.11.15-15.17.18:808][  0]LogD3D11RHI: Found D3D11 adapter 0: NVIDIA GeForce GTX 970 (Feature Level 11_0)
[2015.11.15-15.17.18:808][  0]LogD3D11RHI: Adapter has 4008MB of dedicated video memory, 0MB of dedicated system memory, and 7907MB of shared system memory, 2 output[s]
[2015.11.15-15.17.18:808][  0]LogD3D11RHI: Chosen D3D11 Adapter Id = 0
[2015.11.15-15.17.18:812][  0]LogD3D11RHI: !Direct3DDevice
[2015.11.15-15.17.18:812][  0]LogRHI: Texture pool is 1361 MB (70% of 1945 MB)
[2015.11.15-15.17.18:819][  0]LogD3D11RHI: Async texture creation enabled
[2015.11.15-15.17.18:859][  0]LogShaderCompilers: Guid format shader working directory is 15 characters bigger than the processId version (C:/Users/Cindy/Desktop/candlewax/CandleProject/Intermediate/Shaders/WorkingDirectory/1604/).
[2015.11.15-15.17.18:859][  0]LogShaderCompilers: Cleaned the shader compiler working directory 'C:/Users/Cindy/Desktop/candlewax/CandleProject/Intermediate/Shaders/tmp/D93DD59846BDDAA19A61FB8E9397D0D2/'.
[2015.11.15-15.17.18:859][  0]LogShaderCompilers:Display: Using Local Shader Compiler.
[2015.11.15-15.17.19:694][  0]LogTemp:Display: Loaded TP AllDesktopTargetPlatform
[2015.11.15-15.17.19:698][  0]LogTemp:Display: Loaded TP WindowsClientTargetPlatform
[2015.11.15-15.17.19:702][  0]LogTemp:Display: Loaded TP WindowsNoEditorTargetPlatform
[2015.11.15-15.17.19:706][  0]LogTemp:Display: Loaded TP WindowsServerTargetPlatform
[2015.11.15-15.17.19:709][  0]LogTemp:Display: Loaded TP WindowsTargetPlatform
[2015.11.15-15.17.19:712][  0]LogTemp:Display: Loaded TP AndroidTargetPlatform
[2015.11.15-15.17.19:714][  0]LogTemp:Display: Loaded TP Android_ASTCTargetPlatform
[2015.11.15-15.17.19:717][  0]LogTemp:Display: Loaded TP Android_ATCTargetPlatform
[2015.11.15-15.17.19:719][  0]LogTemp:Display: Loaded TP Android_DXTTargetPlatform
[2015.11.15-15.17.19:722][  0]LogTemp:Display: Loaded TP Android_ETC1TargetPlatform
[2015.11.15-15.17.19:724][  0]LogTemp:Display: Loaded TP Android_ETC2TargetPlatform
[2015.11.15-15.17.19:727][  0]LogTemp:Display: Loaded TP Android_PVRTCTargetPlatform
[2015.11.15-15.17.19:727][  0]LogTemp:Display: Loaded TP HTML5TargetPlatform
[2015.11.15-15.17.19:742][  0]LogTemp:Display: Loaded TP IOSTargetPlatform
[2015.11.15-15.17.19:744][  0]LogTemp:Display: Loaded TP LinuxNoEditorTargetPlatform
[2015.11.15-15.17.19:747][  0]LogTemp:Display: Loaded TP LinuxServerTargetPlatform
[2015.11.15-15.17.19:749][  0]LogTemp:Display: Loaded TP LinuxTargetPlatform
[2015.11.15-15.17.19:749][  0]LogTargetPlatformManager:Display: Building Assets For Windows
[2015.11.15-15.17.19:814][  0]LogDerivedDataCache:Display: Max Cache Size: 512 MB
[2015.11.15-15.17.19:844][  0]LogDerivedDataCache: Loaded boot cache 0.03s 41MB C:/Users/Cindy/AppData/Local/UnrealEngine/4.9/DerivedDataCache/Boot.ddc.
[2015.11.15-15.17.19:844][  0]LogDerivedDataCache:Display: Loaded Boot cache: C:/Users/Cindy/AppData/Local/UnrealEngine/4.9/DerivedDataCache/Boot.ddc
[2015.11.15-15.17.19:844][  0]LogDerivedDataCache: FDerivedDataBackendGraph:  Pak pak cache file C:/Users/Cindy/Desktop/candlewax/CandleProject/DerivedDataCache/DDC.ddp not found, will not use a pak cache.
[2015.11.15-15.17.19:844][  0]LogDerivedDataCache: Unable to find inner node Pak for hierarchical cache Hierarchy.
[2015.11.15-15.17.19:844][  0]LogDerivedDataCache: FDerivedDataBackendGraph:  CompressedPak pak cache file C:/Users/Cindy/Desktop/candlewax/CandleProject/DerivedDataCache/Compressed.ddp not found, will not use a pak cache.
[2015.11.15-15.17.19:844][  0]LogDerivedDataCache: Unable to find inner node CompressedPak for hierarchical cache Hierarchy.
[2015.11.15-15.17.19:946][  0]LogDerivedDataCache:Display: Pak cache opened for reading ../../../Engine/DerivedDataCache/Compressed.ddp.
[2015.11.15-15.17.19:956][  0]LogDerivedDataCache: Using Local data cache path C:/Users/Cindy/AppData/Local/UnrealEngine/Common/DerivedDataCache: Writable
[2015.11.15-15.17.20:077][  0]LogInit: Selected Device Profile: [Windows]
[2015.11.15-15.17.20:077][  0]LogContentStreaming: Texture pool size is 0.000000MB
[2015.11.15-15.17.20:097][  0]LogMeshUtilities: No automatic mesh reduction module available
[2015.11.15-15.17.20:097][  0]LogMeshUtilities: No automatic mesh merging module available
[2015.11.15-15.17.20:346][  0]LogInit: WinSock: version 1.1 (2.2), MaxSocks=32767, MaxUdp=65467
[2015.11.15-15.17.20:899][  0]UdpMessaging: Initializing bridge on interface 0.0.0.0:0 to multicast group 230.0.0.1:6666.
[2015.11.15-15.17.21:023][  0]LogAssetRegistry: FAssetRegistry took 0.0102 seconds to start up
[2015.11.15-15.17.21:155][  0]SourceControl: Info Source control is disabled
[2015.11.15-15.17.21:175][  0]SourceControl: Info Source control is disabled
[2015.11.15-15.17.21:183][  0]SourceControl: Info Source control is disabled
[2015.11.15-15.17.21:192][  0]SourceControl: Info Source control is disabled
[2015.11.15-15.17.21:309][  0]LogLinker:Warning: Asset '../../../Engine/Plugins/Runtime/LeapMotionController/Content/LM_PassthroughMaterial.uasset' has been saved with empty engine version. The asset will be loaded but may be incompatible.
[2015.11.15-15.17.21:370][  0]LogObj: 28361 objects as part of root set at end of initial load.
[2015.11.15-15.17.21:370][  0]LogUObjectAllocator: 6038872 out of 0 bytes used by permanent object pool.
[2015.11.15-15.17.21:412][  0]LogEngine: Initializing Engine...
[2015.11.15-15.17.21:414][  0]LogHMD: Can't find Oculus library dev build: is proper Runtime installed? Version: 0.7.0.0
[2015.11.15-15.17.21:414][  0]LogHMD: SteamVR failed to initialize.  Err: 110
[2015.11.15-15.17.21:508][  0]LogAIModule: Creating AISystem for world NewWorld
[2015.11.15-15.17.21:515][  0]LogInit: XAudio2 using 'Speakers (Realtek High Definition Audio)' : 2 channels at 48 kHz using 32 bits per sample (channel mask 0x3)
[2015.11.15-15.17.21:532][  0]LogInit: FAudioDevice initialized.
[2015.11.15-15.17.21:549][  0]LogDerivedDataCache: Saved boot cache 0.02s 41MB C:/Users/Cindy/AppData/Local/UnrealEngine/4.9/DerivedDataCache/Boot.ddc.
[2015.11.15-15.17.21:551][  0]LogInit: Texture streaming: Enabled
[2015.11.15-15.17.21:556][  0]LogAnalytics: Creating configured Analytics provider AnalyticsET
[2015.11.15-15.17.21:556][  0]LogAnalytics: [UEEditor.Rocket.Release] APIServer = http://et2.epicgames.com/ET2/. AppVersion = 4.9.2-2707645+++depot+UE4-Releases+4.9
[2015.11.15-15.17.21:556][  0]LogAnalytics: [UEEditor.Rocket.Release] SetUserId 9fcbc173422a7138b3bba1a9c3fd03f3|b24dd545970c43d78826f53370189a64|8c5db416-acae-4836-b409-4af6731ed691
[2015.11.15-15.17.21:556][  0]LogAnalytics: [UEEditor.Rocket.Release] AnalyticsET::StartSession
[2015.11.15-15.17.21:590][  0]LogInit: Transaction tracking system initialized
[2015.11.15-15.17.21:613][  0]BlueprintLog: New page: Editor Load
[2015.11.15-15.17.21:673][  0]LocalizationService: Info Localization service is disabled
[2015.11.15-15.17.21:728][  0]LogConsoleResponse:Display: 
[2015.11.15-15.17.21:815][  0]LogCook:Display: Done creating registry. It took  0.00s.
[2015.11.15-15.17.21:859][  0]LogFileCache: Scanning file cache for directory 'C:/Users/Cindy/Desktop/candlewax/CandleProject/Content/' took 0.01s
[2015.11.15-15.17.21:859][  0]SourceControl: Info Source control is disabled
[2015.11.15-15.17.21:859][  0]Cmd: MAP LOAD FILE="C:/Users/Cindy/Desktop/candlewax/CandleProject/Content/FirstPersonBP/Maps/FirstPersonExampleMap.umap" TEMPLATE=0 SHOWPROGRESS=1 FEATURELEVEL=3
[2015.11.15-15.17.21:860][  0]LightingResults: New page: Lighting Build
[2015.11.15-15.17.21:862][  0]MapCheck: New page: Map Check
[2015.11.15-15.17.21:862][  0]LightingResults: New page: Lighting Build
[2015.11.15-15.17.21:871][  0]LogParticles: Destroying 0 GPU particle simulations for FXSystem 0x0000000021B0A160
[2015.11.15-15.17.21:971][  0]LogLinker:Warning: Asset 'C:/Users/Cindy/Desktop/candlewax/CandleProject/Content/FirstPersonBP/Blueprints/FirstPersonProjectile.uasset' has been saved with empty engine version. The asset will be loaded but may be incompatible.
[2015.11.15-15.17.21:974][  0]LogLinker:Warning: Asset 'C:/Users/Cindy/Desktop/candlewax/CandleProject/Content/FirstPerson/Meshes/FirstPersonProjectileMesh.uasset' has been saved with empty engine version. The asset will be loaded but may be incompatible.
[2015.11.15-15.17.22:425][  0]LogAIModule: Creating AISystem for world FirstPersonExampleMap
[2015.11.15-15.17.22:431][  0]LogEditorServer: Finished looking for orphan Actors (0.000 secs)
[2015.11.15-15.17.22:431][  0]Cmd: MAP CHECKDEP NOCLEARLOG
[2015.11.15-15.17.22:479][  0]MapCheck: Info Map check complete: 0 Error(s), 0 Warning(s), took 48.134ms to complete.
[2015.11.15-15.17.22:479][  0]LogFileHelpers: Loading map 'FirstPersonExampleMap' took 0.620
[2015.11.15-15.17.22:631][  0]LogCrashTracker: Crashtracker disabled due to settings.
[2015.11.15-15.17.22:642][  0]LogCollectionManager: Loaded 0 collections in 0.001913 seconds
[2015.11.15-15.17.22:681][  0]LogFileCache: Scanning file cache for directory 'C:/Users/Cindy/Desktop/candlewax/CandleProject/Saved/Collections/' took 0.01s
[2015.11.15-15.17.22:681][  0]LogFileCache: Scanning file cache for directory 'C:/Users/Cindy/Desktop/candlewax/CandleProject/Content/Developers/Cindy/Collections/' took 0.01s
[2015.11.15-15.17.22:681][  0]LogFileCache: Scanning file cache for directory 'C:/Users/Cindy/Desktop/candlewax/CandleProject/Content/Collections/' took 0.01s
[2015.11.15-15.17.22:681][  0]LogContentBrowser: Native class hierarchy populated in 0.0086 seconds. Added 1869 classes and 338 folders.
[2015.11.15-15.17.22:690][  0]LogCollectionManager: Rebuilt the GUID cache for 0 collections in 0.000002 seconds
[2015.11.15-15.17.22:695][  0]LogContentBrowser: Native class hierarchy updated for 'WidgetCarousel' in 0.0002 seconds. Added 0 classes and 0 folders.
[2015.11.15-15.17.22:726][  0]LogContentBrowser: Native class hierarchy updated for 'AddContentDialog' in 0.0003 seconds. Added 0 classes and 0 folders.
[2015.11.15-15.17.22:728][  0]LogUObjectGlobals:Warning: Failed to find object 'Class None.'
[2015.11.15-15.17.22:748][  0]LogLoad: Full Startup: 4.93 seconds (BP compile: 0.08 seconds)
[2015.11.15-15.17.23:086][  0]LoadErrors:Error: Error /Game/FirstPersonBP/Maps/FirstPersonExampleMap : Failed import for SkeletalMeshComponent /Game/FirstPersonBP/Blueprints/FirstPersonCharacter.FirstPersonCharacter_C:SkeletalMesh_GEN_VARIABLE
[2015.11.15-15.17.23:171][  0]LogContentStreaming: Texture pool size now 1000 MB
[2015.11.15-15.17.23:278][  0]LogRenderer: Reallocating scene render targets to support 1516x936 (Frame:2).
[2015.11.15-15.17.24:092][  3]LogAssetRegistry: Asset discovery search completed in 3.0795 seconds
[2015.11.15-15.17.24:092][  3]LogCollectionManager: Rebuilt the object cache for 0 collections in 0.000001 seconds (found 0 objects)
[2015.11.15-15.17.24:092][  3]LogCollectionManager: Fixed up redirectors for 0 collections in 0.000014 seconds (updated 0 objects)
[2015.11.15-15.20.30:220][861]LogBlueprintUserMessages: Early PlayInEditor Detection: Level '/Game/FirstPersonBP/Maps/FirstPersonExampleMap.FirstPersonExampleMap:PersistentLevel' has LevelScriptBlueprint '/Game/FirstPersonBP/Maps/FirstPersonExampleMap.FirstPersonExampleMap:PersistentLevel.FirstPersonExampleMap' with GeneratedClass '/Game/FirstPersonBP/Maps/FirstPersonExampleMap.FirstPersonExampleMap_C' with ClassGeneratedBy '/Game/FirstPersonBP/Maps/FirstPersonExampleMap.FirstPersonExampleMap:PersistentLevel.FirstPersonExampleMap'
[2015.11.15-15.20.30:220][861]LogPlayLevel: PlayLevel: No blueprints needed recompiling
[2015.11.15-15.20.30:221][861]PIE: New page: PIE session: FirstPersonExampleMap (Nov 15, 2015, 3:20:30 AM)
[2015.11.15-15.20.30:221][861]LogPlayLevel: Creating play world package: /Game/FirstPersonBP/Maps/UEDPIE_0_FirstPersonExampleMap
[2015.11.15-15.20.30:236][861]LogPlayLevel: PIE: StaticDuplicateObject took: (0.014998s)
[2015.11.15-15.20.30:236][861]LogAIModule: Creating AISystem for world FirstPersonExampleMap
[2015.11.15-15.20.30:236][861]LogPlayLevel: PIE: World Init took: (0.000756s)
[2015.11.15-15.20.30:237][861]LogPlayLevel: PIE: Created PIE world by copying editor world from /Game/FirstPersonBP/Maps/FirstPersonExampleMap.FirstPersonExampleMap to /Game/FirstPersonBP/Maps/UEDPIE_0_FirstPersonExampleMap.FirstPersonExampleMap (0.015945s)
[2015.11.15-15.20.30:237][861]LogActorComponent: UnregisterComponent: (/Engine/Transient.CharMoveComp) Not registered. Aborting.
[2015.11.15-15.20.30:262][861]LogInit: XAudio2 using 'Speakers (Realtek High Definition Audio)' : 2 channels at 48 kHz using 32 bits per sample (channel mask 0x3)
[2015.11.15-15.20.30:277][861]LogInit: FAudioDevice initialized.
[2015.11.15-15.20.30:357][861]LogLinker:Warning: Asset 'C:/Users/Cindy/Desktop/candlewax/CandleProject/Content/FirstPersonBP/Blueprints/FirstPersonHUD.uasset' has been saved with empty engine version. The asset will be loaded but may be incompatible.
[2015.11.15-15.20.30:378][861]LogWorld: Game class is 'FirstPersonGameMode_C'
[2015.11.15-15.20.30:383][861]LogWorld: Bringing World /Game/FirstPersonBP/Maps/UEDPIE_0_FirstPersonExampleMap.FirstPersonExampleMap up for play (max tick rate 0) at 2015.11.15-09.20.30
[2015.11.15-15.20.30:383][861]LogActor:Warning: GameSession /Game/FirstPersonBP/Maps/UEDPIE_0_FirstPersonExampleMap.FirstPersonExampleMap:PersistentLevel.GameSession_0 has natively added scene component(s), but none of them were set as the actor's RootComponent - picking one arbitrarily
[2015.11.15-15.20.30:383][861]LogActor:Warning: GameNetworkManager /Game/FirstPersonBP/Maps/UEDPIE_0_FirstPersonExampleMap.FirstPersonExampleMap:PersistentLevel.GameNetworkManager_0 has natively added scene component(s), but none of them were set as the actor's RootComponent - picking one arbitrarily
[2015.11.15-15.20.30:384][861]LogWorld: Bringing up level for play took: 0.004542
[2015.11.15-15.20.30:385][861]PIE: Info Play in editor start time for /Game/FirstPersonBP/Maps/UEDPIE_0_FirstPersonExampleMap -0.408
[2015.11.15-15.20.30:385][861]LogBlueprintUserMessages: Late PlayInEditor Detection: Level '/Game/FirstPersonBP/Maps/FirstPersonExampleMap.FirstPersonExampleMap:PersistentLevel' has LevelScriptBlueprint '/Game/FirstPersonBP/Maps/FirstPersonExampleMap.FirstPersonExampleMap:PersistentLevel.FirstPersonExampleMap' with GeneratedClass '/Game/FirstPersonBP/Maps/FirstPersonExampleMap.FirstPersonExampleMap_C' with ClassGeneratedBy '/Game/FirstPersonBP/Maps/FirstPersonExampleMap.FirstPersonExampleMap:PersistentLevel.FirstPersonExampleMap'
[2015.11.15-15.20.37:278][670]LogBlueprintUserMessages: Early EndPlayMap Detection: Level '/Game/FirstPersonBP/Maps/FirstPersonExampleMap.FirstPersonExampleMap:PersistentLevel' has LevelScriptBlueprint '/Game/FirstPersonBP/Maps/FirstPersonExampleMap.FirstPersonExampleMap:PersistentLevel.FirstPersonExampleMap' with GeneratedClass '/Game/FirstPersonBP/Maps/FirstPersonExampleMap.FirstPersonExampleMap_C' with ClassGeneratedBy '/Game/FirstPersonBP/Maps/FirstPersonExampleMap.FirstPersonExampleMap:PersistentLevel.FirstPersonExampleMap'
[2015.11.15-15.20.37:386][670]LogBlueprintUserMessages: Late EndPlayMap Detection: Level '/Game/FirstPersonBP/Maps/FirstPersonExampleMap.FirstPersonExampleMap:PersistentLevel' has LevelScriptBlueprint '/Game/FirstPersonBP/Maps/FirstPersonExampleMap.FirstPersonExampleMap:PersistentLevel.FirstPersonExampleMap' with GeneratedClass '/Game/FirstPersonBP/Maps/FirstPersonExampleMap.FirstPersonExampleMap_C' with ClassGeneratedBy '/Game/FirstPersonBP/Maps/FirstPersonExampleMap.FirstPersonExampleMap:PersistentLevel.FirstPersonExampleMap'
[2015.11.15-15.20.37:396][670]LogParticles: Destroying 0 GPU particle simulations for FXSystem 0x0000000003B78860
[2015.11.15-15.21.23:348][972]Cmd: QUIT_EDITOR
[2015.11.15-15.21.23:524][972]LogExit: Preparing to exit.
[2015.11.15-15.21.23:972][972]LogExit: Editor shut down
[2015.11.15-15.21.23:972][972]LogExit: Transaction tracking system shut down
[2015.11.15-15.21.23:975][972]LogParticles: Destroying 0 GPU particle simulations for FXSystem 0x0000000011355580
[2015.11.15-15.21.23:975][972]LogParticles: Destroying 0 GPU particle simulations for FXSystem 0x0000000032A6F880
[2015.11.15-15.21.23:975][972]LogParticles: Destroying 0 GPU particle simulations for FXSystem 0x000000002FE5A840
[2015.11.15-15.21.23:975][972]LogParticles: Destroying 0 GPU particle simulations for FXSystem 0x000000003297FC40
[2015.11.15-15.21.23:975][972]LogParticles: Destroying 0 GPU particle simulations for FXSystem 0x000000003297E520
[2015.11.15-15.21.23:975][972]LogParticles: Destroying 0 GPU particle simulations for FXSystem 0x00000000390B6C00
[2015.11.15-15.21.23:976][972]LogParticles: Destroying 0 GPU particle simulations for FXSystem 0x000000001A6C7E20
[2015.11.15-15.21.23:976][972]LogParticles: Destroying 0 GPU particle simulations for FXSystem 0x000000002FBA1080
[2015.11.15-15.21.24:097][972]LogExit: Object subsystem successfully closed.
[2015.11.15-15.21.24:115][972]LogD3D11RHI: Shutdown
[2015.11.15-15.21.24:115][972]LogD3D11RHI: CleanupD3DDevice
[2015.11.15-15.21.24:155][972]LogD3D11RHI: ~FD3D11DynamicRHI
[2015.11.15-15.21.24:167][972]LogModuleManager: Shutting down and abandoning module WidgetCarousel (198)
[2015.11.15-15.21.24:167][972]LogModuleManager: Shutting down and abandoning module AddContentDialog (197)
[2015.11.15-15.21.24:167][972]LogModuleManager: Shutting down and abandoning module EditorWidgets (196)
[2015.11.15-15.21.24:167][972]LogModuleManager: Shutting down and abandoning module CollectionManager (195)
[2015.11.15-15.21.24:167][972]LogModuleManager: Shutting down and abandoning module CrashTracker (194)
[2015.11.15-15.21.24:167][972]LogModuleManager: Shutting down and abandoning module SuperSearch (193)
[2015.11.15-15.21.24:167][972]LogModuleManager: Shutting down and abandoning module WorldBrowser (192)
[2015.11.15-15.21.24:168][972]LogModuleManager: Shutting down and abandoning module SceneOutliner (191)
[2015.11.15-15.21.24:168][972]LogModuleManager: Shutting down and abandoning module StatsViewer (190)
[2015.11.15-15.21.24:168][972]LogModuleManager: Shutting down and abandoning module FoliageEdit (189)
[2015.11.15-15.21.24:168][972]LogModuleManager: Shutting down and abandoning module LandscapeEditor (188)
[2015.11.15-15.21.24:168][972]LogModuleManager: Shutting down and abandoning module ActorPickerMode (187)
[2015.11.15-15.21.24:168][972]LogModuleManager: Shutting down and abandoning module GeometryMode (186)
[2015.11.15-15.21.24:168][972]LogModuleManager: Shutting down and abandoning module TextureAlignMode (185)
[2015.11.15-15.21.24:168][972]LogModuleManager: Shutting down and abandoning module BspMode (184)
[2015.11.15-15.21.24:168][972]LogModuleManager: Shutting down and abandoning module PlacementMode (183)
[2015.11.15-15.21.24:168][972]LogModuleManager: Shutting down and abandoning module AutomationWorker (182)
[2015.11.15-15.21.24:168][972]LogModuleManager: Shutting down and abandoning module CharacterAI (181)
[2015.11.15-15.21.24:168][972]LogModuleManager: Shutting down and abandoning module SmartSnapping (180)
[2015.11.15-15.21.24:168][972]LogModuleManager: Shutting down and abandoning module ViewportSnapping (179)
[2015.11.15-15.21.24:168][972]LogModuleManager: Shutting down and abandoning module LogVisualizer (178)
[2015.11.15-15.21.24:168][972]LogModuleManager: Shutting down and abandoning module GameProjectGeneration (177)
[2015.11.15-15.21.24:168][972]LogModuleManager: Shutting down and abandoning module IntroTutorials (176)
[2015.11.15-15.21.24:168][972]LogModuleManager: Shutting down and abandoning module EditorLiveStreaming (175)
[2015.11.15-15.21.24:168][972]LogModuleManager: Shutting down and abandoning module IOSPlatformEditor (174)
[2015.11.15-15.21.24:168][972]LogModuleManager: Shutting down and abandoning module HTML5PlatformEditor (173)
[2015.11.15-15.21.24:168][972]LogModuleManager: Shutting down and abandoning module AndroidDeviceDetection (172)
[2015.11.15-15.21.24:714][972]LogModuleManager: Shutting down and abandoning module AndroidPlatformEditor (171)
[2015.11.15-15.21.24:714][972]LogModuleManager: Shutting down and abandoning module IOSRuntimeSettings (170)
[2015.11.15-15.21.24:714][972]LogModuleManager: Shutting down and abandoning module AndroidRuntimeSettings (169)
[2015.11.15-15.21.24:714][972]LogModuleManager: Shutting down and abandoning module MergeActors (168)
[2015.11.15-15.21.24:714][972]LogModuleManager: Shutting down and abandoning module SizeMap (167)
[2015.11.15-15.21.24:714][972]LogModuleManager: Shutting down and abandoning module TreeMap (166)
[2015.11.15-15.21.24:714][972]LogModuleManager: Shutting down and abandoning module ReferenceViewer (165)
[2015.11.15-15.21.24:714][972]LogModuleManager: Shutting down and abandoning module LocalizationService (164)
[2015.11.15-15.21.24:714][972]LogModuleManager: Shutting down and abandoning module LocalizationDashboard (163)
[2015.11.15-15.21.24:714][972]LogModuleManager: Shutting down and abandoning module HardwareTargeting (162)
[2015.11.15-15.21.24:714][972]LogModuleManager: Shutting down and abandoning module DeviceProfileEditor (161)
[2015.11.15-15.21.24:714][972]LogModuleManager: Shutting down and abandoning module UndoHistory (160)
[2015.11.15-15.21.24:714][972]LogModuleManager: Shutting down and abandoning module GameplayTagsEditor (159)
[2015.11.15-15.21.24:714][972]LogModuleManager: Shutting down and abandoning module UserFeedback (158)
[2015.11.15-15.21.24:714][972]LogModuleManager: Shutting down and abandoning module XmlParser (157)
[2015.11.15-15.21.24:714][972]LogModuleManager: Shutting down and abandoning module Blutility (156)
[2015.11.15-15.21.24:714][972]LogModuleManager: Shutting down and abandoning module ProjectTargetPlatformEditor (155)
[2015.11.15-15.21.24:715][972]LogModuleManager: Shutting down and abandoning module ProjectSettingsViewer (154)
[2015.11.15-15.21.24:715][972]LogModuleManager: Shutting down and abandoning module InputBindingEditor (153)
[2015.11.15-15.21.24:715][972]LogModuleManager: Shutting down and abandoning module EditorSettingsViewer (152)
[2015.11.15-15.21.24:715][972]LogModuleManager: Shutting down and abandoning module SettingsEditor (151)
[2015.11.15-15.21.24:715][972]LogModuleManager: Shutting down and abandoning module ProjectLauncher (150)
[2015.11.15-15.21.24:715][972]LogModuleManager: Shutting down and abandoning module SessionFrontend (149)
[2015.11.15-15.21.24:715][972]LogModuleManager: Shutting down and abandoning module ProfilerClient (148)
[2015.11.15-15.21.24:715][972]LogModuleManager: Shutting down and abandoning module TargetDeviceServices (147)
[2015.11.15-15.21.24:715][972]LogModuleManager: Shutting down and abandoning module DeviceManager (146)
[2015.11.15-15.21.24:716][972]LogModuleManager: Shutting down and abandoning module AutomationController (145)
[2015.11.15-15.21.24:716][972]LogModuleManager: Shutting down and abandoning module AutomationWindow (144)
[2015.11.15-15.21.24:716][972]LogModuleManager: Shutting down and abandoning module Layers (143)
[2015.11.15-15.21.24:716][972]LogModuleManager: Shutting down and abandoning module ComponentVisualizers (142)
[2015.11.15-15.21.24:716][972]LogModuleManager: Shutting down and abandoning module DetailCustomizations (141)
[2015.11.15-15.21.24:716][972]LogModuleManager: Shutting down and abandoning module PackagesDialog (140)
[2015.11.15-15.21.24:716][972]LogModuleManager: Shutting down and abandoning module Persona (139)
[2015.11.15-15.21.24:717][972]LogModuleManager: Shutting down and abandoning module Kismet (138)
[2015.11.15-15.21.24:717][972]LogModuleManager: Shutting down and abandoning module GraphEditor (137)
[2015.11.15-15.21.24:717][972]LogModuleManager: Shutting down and abandoning module ClassViewer (136)
[2015.11.15-15.21.24:717][972]LogModuleManager: Shutting down and abandoning module Toolbox (135)
[2015.11.15-15.21.24:717][972]LogModuleManager: Shutting down and abandoning module ModuleUI (134)
[2015.11.15-15.21.24:717][972]LogModuleManager: Shutting down and abandoning module MovieSceneTools (133)
[2015.11.15-15.21.24:717][972]LogModuleManager: Shutting down and abandoning module OutputLog (132)
[2015.11.15-15.21.24:717][972]LogModuleManager: Shutting down and abandoning module GammaUI (131)
[2015.11.15-15.21.24:717][972]LogModuleManager: Shutting down and abandoning module Documentation (130)
[2015.11.15-15.21.24:717][972]LogModuleManager: Shutting down and abandoning module GameLiveStreaming (129)
[2015.11.15-15.21.24:717][972]LogModuleManager: Shutting down and abandoning module StreamingPauseRendering (128)
[2015.11.15-15.21.24:717][972]LogModuleManager: Shutting down and abandoning module AnalyticsET (127)
[2015.11.15-15.21.24:717][972]LogModuleManager: Shutting down and abandoning module Analytics (126)
[2015.11.15-15.21.24:717][972]LogModuleManager: Shutting down and abandoning module AITestSuite (125)
[2015.11.15-15.21.24:717][972]LogModuleManager: Shutting down and abandoning module GameplayDebugger (124)
[2015.11.15-15.21.24:717][972]LogModuleManager: Shutting down and abandoning module AIModule (123)
[2015.11.15-15.21.24:717][972]LogModuleManager: Shutting down and abandoning module ProfilerService (122)
[2015.11.15-15.21.24:889][972]LogModuleManager: Shutting down and abandoning module TaskGraph (121)
[2015.11.15-15.21.24:889][972]LogModuleManager: Shutting down and abandoning module SlateRemote (120)
[2015.11.15-15.21.24:889][972]LogModuleManager: Shutting down and abandoning module SteamVRController (119)
[2015.11.15-15.21.24:889][972]LogModuleManager: Shutting down and abandoning module SteamVR (118)
[2015.11.15-15.21.24:889][972]LogModuleManager: Shutting down and abandoning module ProceduralMeshComponent (117)
[2015.11.15-15.21.24:889][972]LogModuleManager: Shutting down and abandoning module OculusRift (116)
[2015.11.15-15.21.24:889][972]LogModuleManager: Shutting down and abandoning module OculusLibrary (115)
[2015.11.15-15.21.24:889][972]LogModuleManager: Shutting down and abandoning module LeapMotionController (114)
[2015.11.15-15.21.24:894][972]LogModuleManager: Shutting down and abandoning module CustomMeshComponent (113)
[2015.11.15-15.21.24:894][972]LogModuleManager: Shutting down and abandoning module CableComponent (112)
[2015.11.15-15.21.24:894][972]LogModuleManager: Shutting down and abandoning module ArchVisCharacter (111)
[2015.11.15-15.21.24:894][972]LogModuleManager: Shutting down and abandoning module MessagingDebugger (110)
[2015.11.15-15.21.24:894][972]LogModuleManager: Shutting down and abandoning module MediaPlayerEditor (109)
[2015.11.15-15.21.24:894][972]LogModuleManager: Shutting down and abandoning module HTML5Networking (108)
[2015.11.15-15.21.24:894][972]LogModuleManager: Shutting down and abandoning module SpeedTreeImporter (107)
[2015.11.15-15.21.24:894][972]LogModuleManager: Shutting down and abandoning module PluginBrowser (106)
[2015.11.15-15.21.24:894][972]LogModuleManager: Shutting down and abandoning module EpicSurvey (105)
[2015.11.15-15.21.24:894][972]LogModuleManager: Shutting down and abandoning module DesktopPlatform (104)
[2015.11.15-15.21.24:894][972]LogModuleManager: Shutting down and abandoning module VisualStudioSourceCodeAccess (103)
[2015.11.15-15.21.24:894][972]LogModuleManager: Shutting down and abandoning module UObjectPlugin (102)
[2015.11.15-15.21.24:894][972]LogModuleManager: Shutting down and abandoning module SubversionSourceControl (101)
[2015.11.15-15.21.24:894][972]LogModuleManager: Shutting down and abandoning module PerforceSourceControl (100)
[2015.11.15-15.21.24:894][972]LogModuleManager: Shutting down and abandoning module SourceControl (99)
[2015.11.15-15.21.24:894][972]LogModuleManager: Shutting down and abandoning module GitSourceControl (98)
[2015.11.15-15.21.24:894][972]LogModuleManager: Shutting down and abandoning module LightPropagationVolumeEditor (97)
[2015.11.15-15.21.24:894][972]LogModuleManager: Shutting down and abandoning module PaperTiledImporter (96)
[2015.11.15-15.21.24:894][972]LogModuleManager: Shutting down and abandoning module PaperSpriteSheetImporter (95)
[2015.11.15-15.21.24:894][972]LogModuleManager: Shutting down and abandoning module MeshPaint (94)
[2015.11.15-15.21.24:894][972]LogModuleManager: Shutting down and abandoning module SlateReflector (93)
[2015.11.15-15.21.24:894][972]LogModuleManager: Shutting down and abandoning module HotReload (92)
[2015.11.15-15.21.24:894][972]LogModuleManager: Shutting down and abandoning module MainFrame (91)
[2015.11.15-15.21.24:894][972]LogModuleManager: Shutting down and abandoning module LevelEditor (90)
[2015.11.15-15.21.24:895][972]LogModuleManager: Shutting down and abandoning module DirectoryWatcher (89)
[2015.11.15-15.21.24:895][972]LogModuleManager: Shutting down and abandoning module AssetRegistry (88)
[2015.11.15-15.21.24:942][972]LogModuleManager: Shutting down and abandoning module ContentBrowser (87)
[2015.11.15-15.21.24:943][972]LogModuleManager: Shutting down and abandoning module Paper2DEditor (86)
[2015.11.15-15.21.24:943][972]LogModuleManager: Shutting down and abandoning module UdpMessaging (85)
[2015.11.15-15.21.25:043][972]LogModuleManager: Shutting down and abandoning module LightPropagationVolumeRuntime (84)
[2015.11.15-15.21.25:043][972]LogModuleManager: Shutting down and abandoning module Paper2D (83)
[2015.11.15-15.21.25:043][972]LogModuleManager: Shutting down and abandoning module WindowsMoviePlayer (82)
[2015.11.15-15.21.25:046][972]LogModuleManager: Shutting down and abandoning module Media (81)
[2015.11.15-15.21.25:046][972]LogModuleManager: Shutting down and abandoning module WmfMedia (80)
[2015.11.15-15.21.25:047][972]LogModuleManager: Shutting down and abandoning module OnlineBlueprintSupport (79)
[2015.11.15-15.21.25:047][972]LogModuleManager: Shutting down and abandoning module GameplayTasksEditor (78)
[2015.11.15-15.21.25:047][972]LogModuleManager: Shutting down and abandoning module PropertyEditor (77)
[2015.11.15-15.21.25:047][972]LogModuleManager: Shutting down and abandoning module BehaviorTreeEditor (76)
[2015.11.15-15.21.25:047][972]LogModuleManager: Shutting down and abandoning module FunctionalTesting (75)
[2015.11.15-15.21.25:047][972]LogModuleManager: Shutting down and abandoning module CollisionAnalyzer (74)
[2015.11.15-15.21.25:047][972]LogModuleManager: Shutting down and abandoning module WorkspaceMenuStructure (73)
[2015.11.15-15.21.25:047][972]LogModuleManager: Shutting down and abandoning module MessageLog (72)
[2015.11.15-15.21.25:047][972]LogModuleManager: Shutting down and abandoning module Sequencer (71)
[2015.11.15-15.21.25:047][972]LogModuleManager: Shutting down and abandoning module AssetTools (70)
[2015.11.15-15.21.25:047][972]LogModuleManager: Shutting down and abandoning module UMGEditor (69)
[2015.11.15-15.21.25:047][972]LogModuleManager: Shutting down and abandoning module UMG (68)
[2015.11.15-15.21.25:047][972]LogModuleManager: Shutting down and abandoning module Slate (67)
[2015.11.15-15.21.25:047][972]LogModuleManager: Shutting down and abandoning module EditorStyle (66)
[2015.11.15-15.21.25:049][972]LogModuleManager: Shutting down and abandoning module SessionServices (65)
[2015.11.15-15.21.25:049][972]LogModuleManager: Shutting down and abandoning module SourceCodeAccess (64)
[2015.11.15-15.21.25:049][972]LogModuleManager: Shutting down and abandoning module HeadMountedDisplay (63)
[2015.11.15-15.21.25:049][972]LogModuleManager: Shutting down and abandoning module XAudio2 (62)
[2015.11.15-15.21.25:049][972]LogModuleManager: Shutting down and abandoning module Networking (60)
[2015.11.15-15.21.25:049][972]LogModuleManager: Shutting down and abandoning module Core (59)
[2015.11.15-15.21.25:049][972]LogModuleManager: Shutting down and abandoning module KismetCompiler (58)
[2015.11.15-15.21.25:049][972]LogModuleManager: Shutting down and abandoning module PhysXFormats (57)
[2015.11.15-15.21.25:049][972]LogModuleManager: Shutting down and abandoning module MeshUtilities (56)
[2015.11.15-15.21.25:049][972]LogModuleManager: Shutting down and abandoning module CookingStats (55)
[2015.11.15-15.21.25:051][972]LogModuleManager: Shutting down and abandoning module DerivedDataCache (54)
[2015.11.15-15.21.25:075][972]LogDerivedDataCache: Shutdown
[2015.11.15-15.21.25:075][972]LogModuleManager: Shutting down and abandoning module ShaderFormatOpenGL (53)
[2015.11.15-15.21.25:075][972]LogModuleManager: Shutting down and abandoning module ShaderFormatD3D (52)
[2015.11.15-15.21.25:075][972]LogModuleManager: Shutting down and abandoning module MetalShaderFormat (51)
[2015.11.15-15.21.25:075][972]LogModuleManager: Shutting down and abandoning module TextureFormatUncompressed (50)
[2015.11.15-15.21.25:075][972]LogModuleManager: Shutting down and abandoning module TextureFormatPVR (49)
[2015.11.15-15.21.25:075][972]LogModuleManager: Shutting down and abandoning module TextureFormatIntelISPCTexComp (48)
[2015.11.15-15.21.25:075][972]LogModuleManager: Shutting down and abandoning module TextureFormatDXT (47)
[2015.11.15-15.21.25:075][972]LogModuleManager: Shutting down and abandoning module ImageWrapper (46)
[2015.11.15-15.21.25:075][972]LogModuleManager: Shutting down and abandoning module TextureFormatASTC (45)
[2015.11.15-15.21.25:075][972]LogModuleManager: Shutting down and abandoning module TextureFormatAndroid (44)
[2015.11.15-15.21.25:075][972]LogModuleManager: Shutting down and abandoning module AudioFormatOpus (43)
[2015.11.15-15.21.25:075][972]LogModuleManager: Shutting down and abandoning module AudioFormatOgg (42)
[2015.11.15-15.21.25:075][972]LogModuleManager: Shutting down and abandoning module AudioFormatADPCM (41)
[2015.11.15-15.21.25:075][972]LogModuleManager: Shutting down and abandoning module LinuxTargetPlatform (40)
[2015.11.15-15.21.25:075][972]LogModuleManager: Shutting down and abandoning module LinuxServerTargetPlatform (39)
[2015.11.15-15.21.25:075][972]LogModuleManager: Shutting down and abandoning module LinuxNoEditorTargetPlatform (38)
[2015.11.15-15.21.25:075][972]LogModuleManager: Shutting down and abandoning module Messaging (37)
[2015.11.15-15.21.25:075][972]LogModuleManager: Shutting down and abandoning module IOSTargetPlatform (36)
[2015.11.15-15.21.25:075][972]LogModuleManager: Shutting down and abandoning module HTML5TargetPlatform (35)
[2015.11.15-15.21.25:075][972]LogModuleManager: Shutting down and abandoning module Android_PVRTCTargetPlatform (34)
[2015.11.15-15.21.25:075][972]LogModuleManager: Shutting down and abandoning module Android_ETC2TargetPlatform (33)
[2015.11.15-15.21.25:075][972]LogModuleManager: Shutting down and abandoning module Android_ETC1TargetPlatform (32)
[2015.11.15-15.21.25:075][972]LogModuleManager: Shutting down and abandoning module Android_DXTTargetPlatform (31)
[2015.11.15-15.21.25:075][972]LogModuleManager: Shutting down and abandoning module Android_ATCTargetPlatform (30)
[2015.11.15-15.21.25:075][972]LogModuleManager: Shutting down and abandoning module Android_ASTCTargetPlatform (29)
[2015.11.15-15.21.25:075][972]LogModuleManager: Shutting down and abandoning module AndroidTargetPlatform (28)
[2015.11.15-15.21.25:075][972]LogModuleManager: Shutting down and abandoning module WindowsTargetPlatform (27)
[2015.11.15-15.21.25:075][972]LogModuleManager: Shutting down and abandoning module WindowsServerTargetPlatform (26)
[2015.11.15-15.21.25:075][972]LogModuleManager: Shutting down and abandoning module WindowsNoEditorTargetPlatform (25)
[2015.11.15-15.21.25:075][972]LogModuleManager: Shutting down and abandoning module WindowsClientTargetPlatform (24)
[2015.11.15-15.21.25:075][972]LogModuleManager: Shutting down and abandoning module AllDesktopTargetPlatform (23)
[2015.11.15-15.21.25:075][972]LogModuleManager: Shutting down and abandoning module TargetPlatform (22)
[2015.11.15-15.21.25:075][972]LogModuleManager: Shutting down and abandoning module InputCore (21)
[2015.11.15-15.21.25:075][972]LogModuleManager: Shutting down and abandoning module Settings (20)
[2015.11.15-15.21.25:075][972]LogModuleManager: Shutting down and abandoning module OnlineSubsystem (18)
[2015.11.15-15.21.25:075][972]LogModuleManager: Shutting down and abandoning module HTTP (17)
[2015.11.15-15.21.27:075][972]LogModuleManager: Shutting down and abandoning module XMPP (16)
[2015.11.15-15.21.27:075][972]LogModuleManager: Shutting down and abandoning module ExampleDeviceProfileSelector (15)
[2015.11.15-15.21.27:075][972]LogModuleManager: Shutting down and abandoning module TextureCompressor (14)
[2015.11.15-15.21.27:075][972]LogModuleManager: Shutting down and abandoning module ShaderCore (13)
[2015.11.15-15.21.27:075][972]LogModuleManager: Shutting down and abandoning module Landscape (12)
[2015.11.15-15.21.27:075][972]LogModuleManager: Shutting down and abandoning module SlateRHIRenderer (11)
[2015.11.15-15.21.27:075][972]LogModuleManager: Shutting down and abandoning module OpenGLDrv (10)
[2015.11.15-15.21.27:075][972]LogModuleManager: Shutting down and abandoning module D3D11RHI (9)
[2015.11.15-15.21.27:075][972]LogModuleManager: Shutting down and abandoning module AnimGraphRuntime (8)
[2015.11.15-15.21.27:075][972]LogModuleManager: Shutting down and abandoning module Renderer (7)
[2015.11.15-15.21.27:075][972]LogModuleManager: Shutting down and abandoning module Engine (6)
[2015.11.15-15.21.27:075][972]LogModuleManager: Shutting down and abandoning module CoreUObject (5)
[2015.11.15-15.21.27:075][972]LogModuleManager: Shutting down and abandoning module NetworkFile (4)
[2015.11.15-15.21.27:075][972]LogModuleManager: Shutting down and abandoning module StreamingFile (3)
[2015.11.15-15.21.27:075][972]LogModuleManager: Shutting down and abandoning module SandboxFile (2)
[2015.11.15-15.21.27:075][972]LogModuleManager: Shutting down and abandoning module PakFile (1)
[2015.11.15-15.21.27:076][972]LogExit: Exiting.
[2015.11.15-15.21.27:076][972]Log file closed, 11/15/15 09:21:27
